<?xml version="1.0" encoding="utf-8"?><testsuites><testsuite errors="0" failures="1" hostname="LAPTOP-29068220" name="pytest" skipped="0" tests="1" time="4.425" timestamp="2021-01-14T00:32:21.730523"><testcase classname="test_dir.test_baidu_pw" name="test_visit_admin_dashboard[chromium]" time="3.556"><failure message="AssertionError: assert 'playwright_百度搜索' == 'playwright_百度搜索ssss'&#10;  - playwright_百度搜索ssss&#10;  ?                ----&#10;  + playwright_百度搜索">page = &lt;playwright.sync_api.Page object at 0x0000020FDB04AD48&gt;, base_url = 'https://www.baidu.com'

    def test_visit_admin_dashboard(page, base_url):
        page.goto(base_url)
        page.type('#kw', text="playwright")
        page.click("#su")
        page.screenshot(path="./baidu.png")
        # sleep(2)
&gt;       assert page.title() == "playwright_百度搜索ssss"
E       AssertionError: assert 'playwright_百度搜索' == 'playwright_百度搜索ssss'
E         - playwright_百度搜索ssss
E         ?                ----
E         + playwright_百度搜索

test_dir\test_baidu_pw.py:12: AssertionError</failure></testcase></testsuite></testsuites>