<?xml version="1.0" encoding="utf-8"?><testsuites><testsuite errors="0" failures="0" hostname="LAPTOP-29068220" name="pytest" skipped="0" tests="5" time="28.411" timestamp="2021-01-14T23:09:16.688863"><testcase classname="test_dir.test_parametrize" name="test_baidu_search_param[chromium-case1]" time="5.936" /><testcase classname="test_dir.test_parametrize" name="test_baidu_search_data_file[chromium-id-search_key0]" time="5.120" /><testcase classname="test_dir.test_parametrize" name="test_baidu_search_param[chromium-case2]" time="5.568" /><testcase classname="test_dir.test_parametrize" name="test_baidu_search_data_file[chromium-id-search_key1]" time="5.238" /><testcase classname="test_dir.test_parametrize" name="test_baidu_search_param[chromium-case3]" time="5.938" /></testsuite></testsuites>